<?xml version="1.0" encoding="UTF-8"?>
<testsuite name="ru.java.addressbook.GroupCreationTest" tests="1" skipped="0" failures="0" errors="0" timestamp="2020-02-19T02:29:43" hostname="OPTIFLEX-PC" time="0.934">
  <properties/>
  <testcase name="testGroupCreation" classname="ru.java.addressbook.GroupCreationTest" time="0.934"/>
  <system-out><![CDATA[]]></system-out>
  <system-err><![CDATA[SLF4J: Failed to load class "org.slf4j.impl.StaticLoggerBinder".
SLF4J: Defaulting to no-operation (NOP) logger implementation
SLF4J: See http://www.slf4j.org/codes.html#StaticLoggerBinder for further details.
1582079380283	mozrunner::runner	INFO	Running command: "C:\\Program Files\\Mozilla Firefox\\firefox.exe" "-marionette" "-foreground" "-no-remote" "-profile" "C:\\Users\\UTEST_~1\\AppData\\Local\\Temp\\rust_mozprofile4O9MXT"
1582079380488	addons.webextension.doh-rollout@mozilla.org	WARN	Loading extension 'doh-rollout@mozilla.org': Reading manifest: Invalid extension permission: networkStatus
1582079380695	addons.webextension.screenshots@mozilla.org	WARN	Loading extension 'screenshots@mozilla.org': Reading manifest: Invalid extension permission: mozillaAddons
1582079380695	addons.webextension.screenshots@mozilla.org	WARN	Loading extension 'screenshots@mozilla.org': Reading manifest: Invalid extension permission: telemetry
1582079380695	addons.webextension.screenshots@mozilla.org	WARN	Loading extension 'screenshots@mozilla.org': Reading manifest: Invalid extension permission: resource://pdf.js/
1582079380695	addons.webextension.screenshots@mozilla.org	WARN	Loading extension 'screenshots@mozilla.org': Reading manifest: Invalid extension permission: about:reader*
JavaScript error: resource://gre/modules/XULStore.jsm, line 66: Error: Can't find profile directory.
1582079382227	Marionette	INFO	Listening on port 53000
1582079382331	Marionette	WARN	TLS certificate errors will be ignored for this session
Feb 18, 2020 9:29:42 PM org.openqa.selenium.remote.ProtocolHandshake createSession
INFO: Detected dialect: W3C
1582079384210	Marionette	INFO	Stopped listening on port 53000

###!!! [Child][RunMessage] Error: Channel closing: too late to send/recv, messages will be lost

]]></system-err>
</testsuite>
