<?xml version="1.0" encoding="UTF-8"?>
<testsuite name="ru.java.addressbook.GroupCreationTest" tests="1" skipped="0" failures="0" errors="0" timestamp="2020-02-22T21:49:51" hostname="OPTIFLEX-PC" time="0.918">
  <properties/>
  <testcase name="testGroupCreation" classname="ru.java.addressbook.GroupCreationTest" time="0.918"/>
  <system-out><![CDATA[]]></system-out>
  <system-err><![CDATA[SLF4J: Failed to load class "org.slf4j.impl.StaticLoggerBinder".
SLF4J: Defaulting to no-operation (NOP) logger implementation
SLF4J: See http://www.slf4j.org/codes.html#StaticLoggerBinder for further details.
1582408188522	mozrunner::runner	INFO	Running command: "C:\\Program Files\\Mozilla Firefox\\firefox.exe" "-marionette" "-foreground" "-no-remote" "-profile" "C:\\Users\\UTEST_~1\\AppData\\Local\\Temp\\rust_mozprofilekJqXTp"
1582408188746	addons.webextension.doh-rollout@mozilla.org	WARN	Loading extension 'doh-rollout@mozilla.org': Reading manifest: Invalid extension permission: networkStatus
1582408188972	addons.webextension.screenshots@mozilla.org	WARN	Loading extension 'screenshots@mozilla.org': Reading manifest: Invalid extension permission: mozillaAddons
1582408188972	addons.webextension.screenshots@mozilla.org	WARN	Loading extension 'screenshots@mozilla.org': Reading manifest: Invalid extension permission: telemetry
1582408188972	addons.webextension.screenshots@mozilla.org	WARN	Loading extension 'screenshots@mozilla.org': Reading manifest: Invalid extension permission: resource://pdf.js/
1582408188972	addons.webextension.screenshots@mozilla.org	WARN	Loading extension 'screenshots@mozilla.org': Reading manifest: Invalid extension permission: about:reader*
JavaScript error: resource://gre/modules/XULStore.jsm, line 66: Error: Can't find profile directory.
1582408190387	Marionette	INFO	Listening on port 57934
1582408190544	Marionette	WARN	TLS certificate errors will be ignored for this session
Feb 22, 2020 4:49:50 PM org.openqa.selenium.remote.ProtocolHandshake createSession
INFO: Detected dialect: W3C
1582408192413	Marionette	INFO	Stopped listening on port 57934

###!!! [Child][RunMessage] Error: Channel closing: too late to send/recv, messages will be lost

]]></system-err>
</testsuite>
