<?xml version="1.0" encoding="UTF-8"?>
<testsuite name="ru.java.addressbook.GroupCreationTest" tests="1" skipped="0" failures="0" errors="0" timestamp="2020-02-19T01:40:23" hostname="OPTIFLEX-PC" time="1.835">
  <properties/>
  <testcase name="testGroupCreation" classname="ru.java.addressbook.GroupCreationTest" time="1.835"/>
  <system-out><![CDATA[]]></system-out>
  <system-err><![CDATA[SLF4J: Failed to load class "org.slf4j.impl.StaticLoggerBinder".
SLF4J: Defaulting to no-operation (NOP) logger implementation
SLF4J: See http://www.slf4j.org/codes.html#StaticLoggerBinder for further details.
1582076421768	mozrunner::runner	INFO	Running command: "C:\\Program Files\\Mozilla Firefox\\firefox.exe" "-marionette" "-foreground" "-no-remote" "-profile" "C:\\Users\\UTEST_~1\\AppData\\Local\\Temp\\rust_mozprofilePjSBtL"
1582076421978	addons.webextension.doh-rollout@mozilla.org	WARN	Loading extension 'doh-rollout@mozilla.org': Reading manifest: Invalid extension permission: networkStatus
1582076422224	addons.webextension.screenshots@mozilla.org	WARN	Loading extension 'screenshots@mozilla.org': Reading manifest: Invalid extension permission: mozillaAddons
1582076422224	addons.webextension.screenshots@mozilla.org	WARN	Loading extension 'screenshots@mozilla.org': Reading manifest: Invalid extension permission: telemetry
1582076422224	addons.webextension.screenshots@mozilla.org	WARN	Loading extension 'screenshots@mozilla.org': Reading manifest: Invalid extension permission: resource://pdf.js/
1582076422224	addons.webextension.screenshots@mozilla.org	WARN	Loading extension 'screenshots@mozilla.org': Reading manifest: Invalid extension permission: about:reader*
JavaScript error: resource://gre/modules/XULStore.jsm, line 66: Error: Can't find profile directory.
1582076423696	Marionette	INFO	Listening on port 50227
1582076423791	Marionette	WARN	TLS certificate errors will be ignored for this session
Feb 18, 2020 8:40:23 PM org.openqa.selenium.remote.ProtocolHandshake createSession
INFO: Detected dialect: W3C
1582076425714	Marionette	INFO	Stopped listening on port 50227

###!!! [Child][RunMessage] Error: Channel closing: too late to send/recv, messages will be lost

]]></system-err>
</testsuite>
